warning: No library characterized for (process = 1.00 voltage = 0.85 temperature = -40.00) can be found in the database for power domain '/PD_TOP'  [NL-174]
Report Power (instances with prefix '*' are included in total) : 
-----+----------+--------------------+---------------------+-------------------+-----------------
     | Instance | Internal Power(uw) | Switching Power(uw) | Leakage Power(uw) | Total Power(uw) 
-----+----------+--------------------+---------------------+-------------------+-----------------
1    |*i_0_2    |           38.597046|            63.441338|           0.266125|       102.304512
2    |*i_0_0_0  |            2.575604|             4.264904|           0.017742|         6.858250
3    |*i_0_0_1  |            1.044450|             0.998545|           0.007821|         2.050817
4    |*i_0_0_2  |            1.040683|             0.782797|           0.007821|         1.831301
5    |*i_0_0_3  |            1.044450|             0.998545|           0.007821|         2.050817
6    |*i_0_0_4  |            1.044450|             0.998545|           0.007821|         2.050817
7    |*i_0_0_5  |            1.044450|             0.998545|           0.007821|         2.050817
8    |*i_0_0_6  |            1.044450|             0.998545|           0.007821|         2.050817
9    |*i_0_0_7  |            1.044450|             0.998545|           0.007821|         2.050817
10   |*i_0_0_8  |            1.044450|             0.998545|           0.007821|         2.050817
11   |*i_0_0_9  |            1.044450|             0.998545|           0.007821|         2.050817
12   |*i_0_0_10 |            1.044450|             0.998545|           0.007821|         2.050817
13   |*i_0_0_11 |            1.044450|             0.998545|           0.007821|         2.050817
14   |*i_0_0_12 |            1.044450|             0.998545|           0.007821|         2.050817
15   |*i_0_0_13 |            1.044450|             0.998545|           0.007821|         2.050817
16   |*i_0_0_14 |            1.044450|             0.998545|           0.007821|         2.050817
17   |*i_0_0_15 |            1.044450|             0.998545|           0.007821|         2.050817
18   |*i_0_0_16 |            1.044450|             0.998545|           0.007821|         2.050817
19   |*i_0_0_17 |            1.090153|             3.342393|           0.007821|         4.440366
20   |          |                    |                     |                   |                 
21   |*TOTAL    |           58.970264|            86.809593|           0.416828|       146.196686
-----+----------+--------------------+---------------------+-------------------+-----------------
