Report for group default
Report for group I2R
Report for group I2O
------------------------------------------------------------------------------------------------------------------------------------------------------------
Startpoint: op
    (Clocked by rtDefaultClock R)
Endpoint: overflowFlag
    (Clocked by vsysclk R)
Path Group: I2O
Data required time: 42000.0
    (Clock shift: 60000.0, minus Uncertainty: 0.0, plus Latency 0.0, minus Out delay: 18000.0)
Data arrival time: 868.7
Slack: 41131.3
Logic depth: 18
------------------------------------------------------------------------------------------------------------------------------------------------------------
                                                     Arrival               Arc      Net               Net    Total   fan-                                   
Path                     Module/Cell           Edge     Time    Delay    Delay    Delay     Slew     Load     Load    out     Location Power Domain      (V)
                                                        (ps)     (ps)     (ps)     (ps)     (ps)     (ff)     (ff)    (#)      (um,um)                      
------------------------------------------------------------------------------------------------------------------------------------------------------------
op                       {set_input_delay}        f    700.0    700.0    700.0                        4.6     70.7     17     0,   36                       
i_0_0_2/B->Z             XOR2_X2_LVT             ff    715.2     14.8     14.8      0.0    100.0      0.7      3.5      1    36,   36  /PD_TOP        (0.95)
i_0_2/i_0/CI->CO         FA_X1_LVT               ff    724.0      9.2      8.8      0.4      1.4      0.8      3.6      1    36,   36  /PD_TOP        (0.95)
i_0_2/i_1/CI->CO         FA_X1_LVT               ff    732.9      8.9      8.9      0.0      1.9      0.8      3.6      1    36,   36  /PD_TOP        (0.95)
i_0_2/i_2/CI->CO         FA_X1_LVT               ff    741.8      8.9      8.9      0.0      1.9      0.8      3.6      1    36,   36  /PD_TOP        (0.95)
i_0_2/i_3/CI->CO         FA_X1_LVT               ff    750.7      8.9      8.9      0.0      1.9      0.8      3.6      1    36,   36  /PD_TOP        (0.95)
i_0_2/i_4/CI->CO         FA_X1_LVT               ff    759.6      8.9      8.9      0.0      1.9      0.8      3.6      1    36,   36  /PD_TOP        (0.95)
i_0_2/i_5/CI->CO         FA_X1_LVT               ff    768.5      8.9      8.9      0.0      1.9      0.8      3.6      1    36,   36  /PD_TOP        (0.95)
i_0_2/i_6/CI->CO         FA_X1_LVT               ff    777.4      8.9      8.9      0.0      1.9      0.8      3.6      1    36,   36  /PD_TOP        (0.95)
i_0_2/i_7/CI->CO         FA_X1_LVT               ff    786.3      8.9      8.9      0.0      1.9      0.8      3.6      1    36,   36  /PD_TOP        (0.95)
i_0_2/i_8/CI->CO         FA_X1_LVT               ff    795.2      8.9      8.9      0.0      1.9      0.8      3.6      1    36,   36  /PD_TOP        (0.95)
i_0_2/i_9/CI->CO         FA_X1_LVT               ff    804.1      8.9      8.9      0.0      1.9      0.8      3.6      1    36,   36  /PD_TOP        (0.95)
i_0_2/i_10/CI->CO        FA_X1_LVT               ff    813.0      8.9      8.9      0.0      1.9      0.8      3.6      1    36,   36  /PD_TOP        (0.95)
i_0_2/i_11/CI->CO        FA_X1_LVT               ff    821.9      8.9      8.9      0.0      1.9      0.8      3.6      1    36,   36  /PD_TOP        (0.95)
i_0_2/i_12/CI->CO        FA_X1_LVT               ff    830.8      8.9      8.9      0.0      1.9      0.8      3.6      1    36,   36  /PD_TOP        (0.95)
i_0_2/i_13/CI->CO        FA_X1_LVT               ff    839.7      8.9      8.9      0.0      1.9      0.8      3.6      1    36,   36  /PD_TOP        (0.95)
i_0_2/i_14/CI->CO        FA_X1_LVT               ff    850.0     10.3     10.3      0.0      1.9      6.3      8.2      2    36,   36  /PD_TOP        (0.95)
i_0_0_0/B->CO            FA_X1_LVT               ff    859.9      9.9      9.9      0.0      2.7      0.7      4.0      1    36,   36  /PD_TOP        (0.95)
i_0_0_17/B->Z            XOR2_X2_LVT             ff    868.3      8.4      8.4      0.0      2.0      4.8     14.8      1    36,   36  /PD_TOP        (0.95)
overflowFlag                                      f    868.7      0.4               0.4      2.7                             73,   35                       
------------------------------------------------------------------------------------------------------------------------------------------------------------
Report for group R2O
