Report Physical info: 
------------------------+----------------------------+-----------+------------
                        |                            |Area (squm)|Leakage (uW)
------------------------+----------------------------+-----------+------------
Design Name             |FixedPoint_Division_Baseline|           |            
  Total Instances       |                        2616|       3394|      17.255
    Macros              |                           0|          0|       0.000
    Pads                |                           0|          0|       0.000
    Phys                |                           0|          0|       0.000
    Blackboxes          |                           0|          0|       0.000
    Cells               |                        2616|       3394|      17.255
      Buffers           |                           0|          0|       0.000
      Inverters         |                         269|        143|       0.747
      Clock-Gates       |                           0|          0|       0.000
      Combinational     |                        2347|       3251|      16.509
      Latches           |                           0|          0|       0.000
      FlipFlops         |                           0|          0|       0.000
       Single-Bit FF    |                           0|          0|       0.000
       Multi-Bit FF     |                           0|          0|       0.000
       Clock-Gated      |                           0|           |            
       Bits             |                           0|          0|       0.000
         Load-Enabled   |                           0|           |            
         Clock-Gated    |                           0|           |            
  Tristate Pin Count    |                           0|           |            
Physical Info           |Placed                      |           |            
  Chip Size (mm x mm)   |0.135 x 0.135               |      18282|            
  Fixed Cell Area       |                            |          0|            
    Phys Only           |                           0|          0|            
  Placeable Area        |                            |       5569|            
  Movable Cell Area     |                            |       3394|            
  Utilization (%)       |                          60|           |            
  Chip Utilization (%)  |                          60|           |            
  Total Wire Length (mm)|                       3.343|           |            
  Longest Wire (mm)     |                       0.069|           |            
  Average Wire (mm)     |                       0.068|           |            
------------------------+----------------------------+-----------+------------
