warning: No library characterized for (process = 1.00 voltage = 0.85 temperature = -40.00) can be found in the database for power domain '/PD_TOP'  [NL-174]
Report Power (instances with prefix '*' are included in total) : 
-----+----------+--------------------+---------------------+-------------------+-----------------
     | Instance | Internal Power(uw) | Switching Power(uw) | Leakage Power(uw) | Total Power(uw) 
-----+----------+--------------------+---------------------+-------------------+-----------------
1    |*i_0_0_0  |            0.622943|             3.200693|           0.006839|         3.830475
2    |*i_0_0_1  |            0.548105|             0.835163|           0.006839|         1.390107
3    |*i_0_0_2  |            1.060338|             3.375802|           0.007821|         4.443961
4    |*i_0_0_3  |            1.121769|             3.375269|           0.008181|         4.505219
5    |*i_0_0_4  |            0.625590|             0.956390|           0.006839|         1.588819
6    |*i_0_0_5  |            1.088690|             3.384308|           0.007821|         4.480819
7    |*i_0_0_6  |            0.623937|             0.878403|           0.006839|         1.509179
8    |*i_0_0_7  |            1.118472|             3.382910|           0.007821|         4.509202
9    |*i_0_0_8  |            0.642699|             0.878403|           0.005333|         1.526435
10   |*i_0_0_9  |            1.074140|             3.384987|           0.007821|         4.466948
11   |*i_0_0_10 |            0.623937|             0.878403|           0.006839|         1.509179
12   |*i_0_0_11 |            1.063761|             3.382917|           0.008181|         4.454860
13   |*i_0_0_12 |            1.068851|             3.385314|           0.008181|         4.462347
14   |*i_0_0_13 |            0.498587|             0.940946|           0.003931|         1.443465
15   |*i_0_0_14 |            1.151766|             3.382934|           0.007821|         4.542521
16   |*i_0_0_15 |            0.642699|             0.878403|           0.005333|         1.526435
17   |*i_0_0_16 |            1.086717|             3.384227|           0.007821|         4.478765
18   |*i_0_0_17 |            1.150079|             3.381001|           0.007821|         4.538902
19   |*i_0_0_18 |            0.642699|             0.878403|           0.005333|         1.526435
20   |*i_0_0_19 |            1.056192|             3.393369|           0.007821|         4.457383
21   |*i_0_0_20 |            0.623937|             0.878403|           0.006839|         1.509179
22   |*i_0_0_21 |            1.053509|             3.391052|           0.008181|         4.452743
23   |*i_0_0_22 |            1.072173|             3.392171|           0.008181|         4.472526
24   |*i_0_0_23 |            0.498587|             0.940946|           0.003931|         1.443465
25   |*i_0_0_24 |            1.035219|             3.391052|           0.008181|         4.434453
26   |*i_0_0_25 |            1.047511|             3.394396|           0.007821|         4.449728
27   |*i_0_0_26 |            1.012521|             3.390106|           0.007821|         4.410448
28   |*i_0_0_27 |            0.763949|             2.713424|           0.008128|         3.485501
29   |*i_0_0_28 |            1.055689|             1.938767|           0.008181|         3.002637
30   |*i_0_0_29 |            0.327137|             0.957828|           0.002775|         1.287741
31   |*i_0_0_30 |            0.794635|             6.196612|           0.008128|         6.999374
32   |*i_0_0_31 |            0.852089|             2.009383|           0.008128|         2.869599
33   |*i_0_0_32 |            0.790752|             1.884695|           0.008128|         2.683574
34   |*i_0_0_33 |            0.860338|             2.044261|           0.008128|         2.912726
35   |*i_0_0_34 |            0.660086|             1.944496|           0.006839|         2.611422
36   |*i_0_0_35 |            0.785844|             1.785657|           0.008593|         2.580093
37   |*i_0_0_36 |            0.660506|             1.947589|           0.006839|         2.614934
38   |*i_0_0_37 |            0.852817|             1.782174|           0.008128|         2.643119
39   |*i_0_0_38 |            0.797278|             1.893995|           0.008128|         2.699401
40   |*i_0_0_39 |            0.858481|             2.052814|           0.008128|         2.919423
41   |*i_0_0_40 |            0.651285|             1.935373|           0.006839|         2.593497
42   |*i_0_0_41 |            0.852936|             1.816382|           0.008128|         2.677446
43   |*i_0_0_42 |            0.638439|             1.910427|           0.006839|         2.555705
44   |*i_0_0_43 |            0.777761|             1.754925|           0.008128|         2.540814
45   |*i_0_0_44 |            0.385031|             1.469543|           0.005012|         1.859587
46   |*i_0_0_45 |            0.362782|             0.658933|           0.003931|         1.025647
47   |*i_0_0_46 |            1.049511|             2.901182|           0.008181|         3.958874
48   |*i_0_0_47 |            0.254685|             0.742491|           0.002775|         0.999951
49   |*i_0_0_48 |            0.366493|             4.859309|           0.005012|         5.230814
50   |*i_0_0_49 |            1.049419|             2.938613|           0.008181|         3.996213
51   |*i_0_0_50 |            0.376884|             0.731103|           0.005012|         1.112999
52   |*i_0_0_51 |            0.364785|             1.402532|           0.003931|         1.771248
53   |*i_0_0_52 |            1.049270|             2.999056|           0.008181|         4.056507
54   |*i_0_0_53 |            0.254685|             0.742491|           0.002775|         0.999951
55   |*i_0_0_54 |            0.366493|             4.859309|           0.005012|         5.230814
56   |*i_0_0_55 |            1.049419|             2.938613|           0.008181|         3.996213
57   |*i_0_0_56 |            1.055903|             1.836407|           0.008181|         2.900491
58   |*i_0_0_57 |            1.080575|             1.961650|           0.007821|         3.050046
59   |*i_0_0_58 |            0.363434|             0.728816|           0.003931|         1.096181
60   |*i_0_0_59 |            0.720833|             1.449657|           0.004361|         2.174851
61   |*i_0_0_60 |            1.050310|             2.576027|           0.008181|         3.634518
62   |*i_0_0_61 |            0.376884|             0.731103|           0.005012|         1.112999
63   |*i_0_0_62 |            0.364785|             1.402532|           0.003931|         1.771248
64   |*i_0_0_63 |            1.049270|             2.999056|           0.008181|         4.056507
65   |*i_0_0_64 |            0.345582|             0.930009|           0.002775|         1.278367
66   |*i_0_0_65 |            1.043994|             6.363081|           0.008181|         7.415257
67   |*i_0_0_66 |            0.345928|             1.035999|           0.002775|         1.384702
68   |*i_0_0_67 |            1.010262|             6.454747|           0.008181|         7.473190
69   |*i_0_0_68 |            0.376884|             0.731103|           0.005012|         1.112999
70   |*i_0_0_69 |            0.364785|             1.402532|           0.003931|         1.771248
71   |*i_0_0_70 |            1.049270|             2.999056|           0.008181|         4.056507
72   |*i_0_0_71 |            0.254685|             0.742491|           0.002775|         0.999951
73   |*i_0_0_72 |            0.366493|             4.859309|           0.005012|         5.230814
74   |*i_0_0_73 |            1.049419|             2.938613|           0.008181|         3.996213
75   |*i_0_0_74 |            1.055903|             1.836407|           0.008181|         2.900491
76   |*i_0_0_75 |            1.080575|             1.961650|           0.007821|         3.050046
77   |*i_0_0_76 |            0.363434|             0.728816|           0.003931|         1.096181
78   |*i_0_0_77 |            0.720833|             1.449657|           0.004361|         2.174851
79   |*i_0_0_78 |            1.050310|             2.576027|           0.008181|         3.634518
80   |*i_0_0_79 |            1.055903|             1.836407|           0.008181|         2.900491
81   |*i_0_0_80 |            1.080575|             1.961650|           0.007821|         3.050046
82   |*i_0_0_81 |            1.080575|             1.961650|           0.007821|         3.050046
83   |*i_0_0_82 |            0.624146|             0.866348|           0.006839|         1.497333
84   |*i_0_0_83 |            0.254437|             0.655527|           0.002775|         0.912740
85   |*i_0_0_84 |            0.366620|             4.859309|           0.005012|         5.230941
86   |*i_0_0_85 |            1.049649|             2.844693|           0.008181|         3.902524
87   |*i_0_0_86 |            0.327699|             1.046255|           0.002775|         1.376729
88   |*i_0_0_87 |            0.326720|            11.756352|           0.002775|        12.085847
89   |*i_0_0_88 |            0.325812|             0.948403|           0.002775|         1.276991
90   |*i_0_0_89 |            0.325812|             0.948403|           0.002775|         1.276991
91   |*i_0_0_90 |            0.325812|             0.948403|           0.002775|         1.276991
92   |*i_0_0_91 |            0.325812|             0.948403|           0.002775|         1.276991
93   |          |                    |                     |                   |                 
94   |*TOTAL    |           67.774834|           212.404938|           0.586941|       280.766724
-----+----------+--------------------+---------------------+-------------------+-----------------
