Report for group default
Report for group I2R
Report for group I2O
------------------------------------------------------------------------------------------------------------------------------------------------------------
Startpoint: b[1]
    (Clocked by rtDefaultClock R)
Endpoint: sum[15]
    (Clocked by vsysclk R)
Path Group: I2O
Data required time: 42000.0
    (Clock shift: 60000.0, minus Uncertainty: 0.0, plus Latency 0.0, minus Out delay: 18000.0)
Data arrival time: 786.1
Slack: 41213.9
Logic depth: 18
------------------------------------------------------------------------------------------------------------------------------------------------------------
                                                     Arrival               Arc      Net               Net    Total   fan-                                   
Path                     Module/Cell           Edge     Time    Delay    Delay    Delay     Slew     Load     Load    out     Location Power Domain      (V)
                                                        (ps)     (ps)     (ps)     (ps)     (ps)     (ff)     (ff)    (#)      (um,um)                      
------------------------------------------------------------------------------------------------------------------------------------------------------------
b[1]                     {set_input_delay}        f    700.0    700.0    700.0                        4.7      8.3      1    38,    0                       
i_0_0_46/B->ZN           XNOR2_X2_LVT            fr    715.0     15.0     14.6      0.4    100.0      1.9     12.9      3    38,   36  /PD_TOP        (0.95)
i_0_0_44/A2->ZN          NOR2_X4_LVT             rf    716.6      1.6      1.6      0.0      4.5      1.4      8.7      2    38,   36  /PD_TOP        (0.95)
i_0_0_42/A->ZN           AOI21_X4_LVT            fr    721.2      4.6      4.6      0.0      0.8      1.5      8.6      2    38,   36  /PD_TOP        (0.95)
i_0_0_41/B2->ZN          AOI22_X4_LVT            rf    724.2      3.0      3.0      0.0      2.6      1.5      8.1      2    38,   36  /PD_TOP        (0.95)
i_0_0_40/B2->ZN          AOI21_X4_LVT            fr    728.0      3.8      3.8      0.0      1.7      1.5      8.6      2    38,   36  /PD_TOP        (0.95)
i_0_0_39/B2->ZN          AOI22_X4_LVT            rf    731.1      3.1      3.1      0.0      2.6      1.5      9.1      2    38,   36  /PD_TOP        (0.95)
i_0_0_38/B2->ZN          AOI22_X4_LVT            fr    736.5      5.4      5.4      0.0      1.8      1.5      8.5      2    38,   36  /PD_TOP        (0.95)
i_0_0_37/B2->ZN          AOI22_X4_LVT            rf    739.6      3.1      3.1      0.0      2.9      1.5      8.1      2    38,   36  /PD_TOP        (0.95)
i_0_0_36/B2->ZN          AOI21_X4_LVT            fr    743.4      3.8      3.8      0.0      1.7      1.5      8.6      2    38,   36  /PD_TOP        (0.95)
i_0_0_35/B2->ZN          OAI22_X4_LVT            rf    746.6      3.2      3.2      0.0      2.6      1.5      8.1      2    38,   36  /PD_TOP        (0.95)
i_0_0_34/B2->ZN          AOI21_X4_LVT            fr    750.4      3.8      3.8      0.0      1.7      1.5      8.6      2    38,   36  /PD_TOP        (0.95)
i_0_0_33/B2->ZN          AOI22_X4_LVT            rf    753.5      3.1      3.1      0.0      2.6      1.5      9.1      2    38,   36  /PD_TOP        (0.95)
i_0_0_32/B2->ZN          AOI22_X4_LVT            fr    758.9      5.4      5.4      0.0      1.8      1.5      8.5      2    38,   36  /PD_TOP        (0.95)
i_0_0_31/B2->ZN          AOI22_X4_LVT            rf    762.0      3.1      3.1      0.0      2.9      1.5      9.1      2    38,   36  /PD_TOP        (0.95)
i_0_0_30/B2->ZN          AOI22_X4_LVT            fr    770.2      8.2      8.2      0.0      1.8      1.4     28.4      2    38,   36  /PD_TOP        (0.95)
i_0_0_29/A->ZN           INV_X8_LVT              rf    771.2      1.0      1.0      0.0      5.4      0.7      4.4      1    38,   36  /PD_TOP        (0.95)
i_0_0_27/B1->ZN          AOI22_X4_LVT            fr    776.5      5.3      5.3      0.0      0.3      2.2     12.5      3    38,   36  /PD_TOP        (0.95)
i_0_0_26/B->Z            XOR2_X2_LVT             rr    785.7      9.2      9.2      0.0      3.4      5.0     15.0      1    38,   36  /PD_TOP        (0.95)
sum[15]                                           r    786.1      0.4               0.4      5.3                             75,   38                       
------------------------------------------------------------------------------------------------------------------------------------------------------------
Report for group R2O
