Report Physical info: 
------------------------+----------------------------------+-----------+------------
                        |                                  |Area (squm)|Leakage (uW)
------------------------+----------------------------------+-----------+------------
Design Name             |FixedPoint_AdderSub_CarryLookAhead|           |            
  Total Instances       |                                97|        117|       0.603
    Macros              |                                 0|          0|       0.000
    Pads                |                                 0|          0|       0.000
    Phys                |                                 0|          0|       0.000
    Blackboxes          |                                 0|          0|       0.000
    Cells               |                                97|        117|       0.603
      Buffers           |                                 0|          0|       0.000
      Inverters         |                                 3|          2|       0.008
      Clock-Gates       |                                 0|          0|       0.000
      Combinational     |                                94|        115|       0.595
      Latches           |                                 0|          0|       0.000
      FlipFlops         |                                 0|          0|       0.000
       Single-Bit FF    |                                 0|          0|       0.000
       Multi-Bit FF     |                                 0|          0|       0.000
       Clock-Gated      |                                 0|           |            
       Bits             |                                 0|          0|       0.000
         Load-Enabled   |                                 0|           |            
         Clock-Gated    |                                 0|           |            
  Tristate Pin Count    |                                 0|           |            
Physical Info           |Placed                            |           |            
  Chip Size (mm x mm)   |0.074 x 0.074                     |       5469|            
  Fixed Cell Area       |                                  |          0|            
    Phys Only           |                                 0|          0|            
  Placeable Area        |                                  |        175|            
  Movable Cell Area     |                                  |        117|            
  Utilization (%)       |                                66|           |            
  Chip Utilization (%)  |                                66|           |            
  Total Wire Length (mm)|                             1.884|           |            
  Longest Wire (mm)     |                             0.039|           |            
  Average Wire (mm)     |                             0.038|           |            
------------------------+----------------------------------+-----------+------------
