warning: No library characterized for (process = 1.00 voltage = 0.85 temperature = -40.00) can be found in the database for power domain '/PD_TOP'  [NL-174]
Report Power (instances with prefix '*' are included in total) : 
-----+----------+--------------------+---------------------+-------------------+-----------------
     | Instance | Internal Power(uw) | Switching Power(uw) | Leakage Power(uw) | Total Power(uw) 
-----+----------+--------------------+---------------------+-------------------+-----------------
1    |*i_0_0_0  |            0.954020|             2.520847|           0.007784|         3.482651
2    |*i_0_0_1  |            1.060302|             3.365490|           0.007821|         4.433613
3    |*i_0_0_2  |            0.986022|             3.363163|           0.008181|         4.357367
4    |*i_0_0_3  |            1.021285|             0.956296|           0.008181|         1.985762
5    |*i_0_0_4  |            0.521331|             0.684189|           0.006839|         1.212359
6    |*i_0_0_5  |            0.602678|             0.927227|           0.005333|         1.535238
7    |*i_0_0_6  |            1.001932|             3.367489|           0.005607|         4.375028
8    |*i_0_0_7  |            0.207447|             0.250930|           0.003931|         0.462308
9    |*i_0_0_8  |            0.657686|             0.558093|           0.005333|         1.221112
10   |*i_0_0_9  |            1.065019|             3.366646|           0.008181|         4.439847
11   |*i_0_0_10 |            1.048602|             0.956296|           0.008181|         2.013080
12   |*i_0_0_11 |            1.061911|             3.368973|           0.008181|         4.439065
13   |*i_0_0_12 |            1.064735|             0.955882|           0.007821|         2.028438
14   |*i_0_0_13 |            0.652879|             3.338384|           0.006839|         3.998103
15   |*i_0_0_14 |            0.583768|             0.892727|           0.006839|         1.483334
16   |*i_0_0_15 |            0.626925|             0.861279|           0.005333|         1.493538
17   |*i_0_0_16 |            0.650074|             3.344669|           0.006839|         4.001583
18   |*i_0_0_17 |            0.575271|             0.880167|           0.006839|         1.462278
19   |*i_0_0_18 |            0.631316|             0.867551|           0.005333|         1.504200
20   |*i_0_0_19 |            1.090258|             3.369263|           0.008181|         4.467703
21   |*i_0_0_20 |            1.064735|             0.955882|           0.007821|         2.028438
22   |*i_0_0_21 |            1.094559|             3.373625|           0.008181|         4.476365
23   |*i_0_0_22 |            1.064735|             0.955882|           0.007821|         2.028438
24   |*i_0_0_23 |            1.096210|             3.371298|           0.008181|         4.475689
25   |*i_0_0_24 |            1.064735|             0.955882|           0.007821|         2.028438
26   |*i_0_0_25 |            1.097113|             3.377108|           0.008181|         4.482403
27   |*i_0_0_26 |            1.064735|             0.955882|           0.007821|         2.028438
28   |*i_0_0_27 |            1.097646|             3.374781|           0.008181|         4.480608
29   |*i_0_0_28 |            1.064644|             0.955882|           0.007821|         2.028347
30   |*i_0_0_29 |            1.044609|             3.377108|           0.008181|         4.429898
31   |*i_0_0_30 |            1.048432|             0.956296|           0.008181|         2.012909
32   |*i_0_0_31 |            0.673138|             3.370587|           0.008128|         4.051853
33   |*i_0_0_32 |            0.401730|             0.428784|           0.004361|         0.834875
34   |*i_0_0_33 |            1.056723|             3.379723|           0.008181|         4.444627
35   |*i_0_0_34 |            1.048602|             0.956296|           0.008181|         2.013080
36   |*i_0_0_35 |            1.091015|             3.377373|           0.008181|         4.476570
37   |*i_0_0_36 |            0.645605|             1.618491|           0.006839|         2.270936
38   |*i_0_0_37 |            0.308485|             0.880621|           0.002775|         1.191882
39   |*i_0_0_38 |            0.593594|             5.006449|           0.005333|         5.605375
40   |*i_0_0_39 |            0.629039|             2.794446|           0.006839|         3.430324
41   |*i_0_0_40 |            1.007188|             2.457934|           0.005607|         3.470730
42   |*i_0_0_41 |            0.565832|             0.543391|           0.005333|         1.114556
43   |*i_0_0_42 |            0.615631|             1.801210|           0.006839|         2.423680
44   |*i_0_0_43 |            0.642169|             1.700872|           0.005333|         2.348375
45   |*i_0_0_44 |            0.485373|             0.960363|           0.003931|         1.449668
46   |*i_0_0_45 |            0.642447|             1.746065|           0.005333|         2.393845
47   |*i_0_0_46 |            0.484819|             0.959336|           0.003931|         1.448086
48   |*i_0_0_47 |            0.643201|             1.748306|           0.005333|         2.396840
49   |*i_0_0_48 |            0.483807|             0.957449|           0.003931|         1.445186
50   |*i_0_0_49 |            0.644464|             1.752096|           0.005333|         2.401894
51   |*i_0_0_50 |            0.479047|             0.953905|           0.003931|         1.436884
52   |*i_0_0_51 |            0.642213|             3.713182|           0.005333|         4.360728
53   |*i_0_0_52 |            0.475441|             0.947009|           0.003931|         1.426382
54   |*i_0_0_53 |            0.645040|             3.816244|           0.005333|         4.466618
55   |*i_0_0_54 |            0.470753|             0.932864|           0.003931|         1.407549
56   |*i_0_0_55 |            0.651354|             1.858654|           0.005333|         2.515341
57   |*i_0_0_56 |            0.454831|             0.901756|           0.003931|         1.360519
58   |*i_0_0_57 |            0.645830|             1.775433|           0.006839|         2.428103
59   |*i_0_0_58 |            0.315016|             0.899265|           0.002775|         1.217057
60   |*i_0_0_59 |            0.606306|             5.112442|           0.005333|         5.724080
61   |*i_0_0_60 |            0.631834|             2.829396|           0.006839|         3.468069
62   |*i_0_0_61 |            0.646468|             2.791314|           0.006839|         3.444621
63   |*i_0_0_62 |            0.318644|             0.909622|           0.002775|         1.231042
64   |*i_0_0_63 |            0.614002|             5.171323|           0.005333|         5.790658
65   |*i_0_0_64 |            1.161114|             0.994553|           0.007784|         2.163450
66   |*i_0_0_65 |            1.053684|             1.802716|           0.007821|         2.864222
67   |*i_0_0_66 |            0.385995|             1.430926|           0.005012|         1.821934
68   |*i_0_0_67 |            0.365412|             1.442860|           0.003931|         1.812203
69   |*i_0_0_68 |            1.054519|             1.983998|           0.007821|         3.046339
70   |*i_0_0_69 |            1.058115|             2.764693|           0.007821|         3.830630
71   |*i_0_0_70 |            0.362957|             0.728816|           0.003931|         1.095705
72   |*i_0_0_71 |            1.058145|             2.771245|           0.007821|         3.837211
73   |*i_0_0_72 |            0.361766|             0.728816|           0.003931|         1.094514
74   |*i_0_0_73 |            1.061484|             3.706593|           0.007821|         4.775898
75   |*i_0_0_74 |            0.361766|             0.728816|           0.003931|         1.094514
76   |*i_0_0_75 |            1.061484|             3.706593|           0.007821|         4.775898
77   |*i_0_0_76 |            0.362957|             0.728816|           0.003931|         1.095705
78   |*i_0_0_77 |            1.058145|             2.771245|           0.007821|         3.837211
79   |*i_0_0_78 |            0.362957|             0.728816|           0.003931|         1.095705
80   |*i_0_0_79 |            1.058145|             2.771245|           0.007821|         3.837211
81   |*i_0_0_80 |            0.362957|             0.728816|           0.003931|         1.095705
82   |*i_0_0_81 |            1.058145|             2.771245|           0.007821|         3.837211
83   |*i_0_0_82 |            0.362957|             0.728816|           0.003931|         1.095705
84   |*i_0_0_83 |            1.058145|             2.771245|           0.007821|         3.837211
85   |*i_0_0_84 |            0.376780|             0.731103|           0.005012|         1.112896
86   |*i_0_0_85 |            0.362631|             0.681059|           0.003931|         1.047621
87   |*i_0_0_86 |            1.058553|             2.860615|           0.007821|         3.926990
88   |*i_0_0_87 |            0.362586|             0.417284|           0.003931|         0.783801
89   |*i_0_0_88 |            1.058511|             2.850684|           0.007821|         3.917016
90   |*i_0_0_89 |            0.385742|             1.487377|           0.005012|         1.878131
91   |*i_0_0_90 |            0.365501|             1.129321|           0.003931|         1.498754
92   |*i_0_0_91 |            1.054519|             1.983998|           0.007821|         3.046339
93   |*i_0_0_92 |            1.058115|             2.764693|           0.007821|         3.830630
94   |*i_0_0_93 |            0.494929|             0.817482|           0.005012|         1.317423
95   |*i_0_0_94 |            0.386581|             1.080904|           0.005012|         1.472497
96   |*i_0_0_95 |            0.712776|             0.975642|           0.005607|         1.694026
97   |*i_0_0_96 |            1.052836|             1.618621|           0.007821|         2.679278
98   |          |                    |                     |                   |                 
99   |*TOTAL    |           71.886169|           186.047073|           0.602978|       258.536224
-----+----------+--------------------+---------------------+-------------------+-----------------
