Report for group default
Report for group I2R
Report for group I2O
------------------------------------------------------------------------------------------------------------------------------------------------------------
Startpoint: b[1]
    (Clocked by rtDefaultClock R)
Endpoint: overflowFlag
    (Clocked by vsysclk R)
Path Group: I2O
Data required time: 42000.0
    (Clock shift: 60000.0, minus Uncertainty: 0.0, plus Latency 0.0, minus Out delay: 18000.0)
Data arrival time: 796.1
Slack: 41203.9
Logic depth: 30
------------------------------------------------------------------------------------------------------------------------------------------------------------
                                                     Arrival               Arc      Net               Net    Total   fan-                                   
Path                     Module/Cell           Edge     Time    Delay    Delay    Delay     Slew     Load     Load    out     Location Power Domain      (V)
                                                        (ps)     (ps)     (ps)     (ps)     (ps)     (ff)     (ff)    (#)      (um,um)                      
------------------------------------------------------------------------------------------------------------------------------------------------------------
b[1]                     {set_input_delay}        f    700.0    700.0    700.0                        4.7     11.7      2     0,   36                       
i_0_0_65/B->Z            XOR2_X2_LVT             ff    715.9     15.9     15.5      0.4    100.0      1.4      8.0      2    36,   36  /PD_TOP        (0.95)
i_0_0_63/B1->ZN          OAI21_X4_LVT            fr    721.5      5.6      5.6      0.0      1.8      0.6     24.4      1    36,   36  /PD_TOP        (0.95)
i_0_0_62/A->ZN           INV_X8_LVT              rf    722.4      0.9      0.9      0.0      4.4      0.6      4.3      1    36,   36  /PD_TOP        (0.95)
i_0_0_61/A->ZN           AOI21_X4_LVT            fr    727.5      5.1      5.1      0.0      0.3      2.1     12.4      3    36,   36  /PD_TOP        (0.95)
i_0_0_60/B1->ZN          AOI21_X4_LVT            rf    729.9      2.4      2.4      0.0      3.1      2.1     12.5      3    36,   36  /PD_TOP        (0.95)
i_0_0_59/A->ZN           OAI21_X4_LVT            fr    733.3      3.4      3.4      0.0      1.5      0.6     24.4      1    36,   36  /PD_TOP        (0.95)
i_0_0_58/A->ZN           INV_X8_LVT              rf    734.2      0.9      0.9      0.0      4.4      0.6      4.3      1    36,   36  /PD_TOP        (0.95)
i_0_0_57/A->ZN           AOI21_X4_LVT            fr    738.6      4.4      4.4      0.0      0.3      1.3      7.9      2    36,   36  /PD_TOP        (0.95)
i_0_0_56/A1->ZN          NAND2_X4_LVT            rf    740.1      1.5      1.5      0.0      2.5      0.7      4.4      1    36,   36  /PD_TOP        (0.95)
i_0_0_55/A->ZN           OAI21_X4_LVT            fr    742.3      2.2      2.2      0.0      0.9      1.4      8.2      2    36,   36  /PD_TOP        (0.95)
i_0_0_54/A1->ZN          NAND2_X4_LVT            rf    743.8      1.5      1.5      0.0      2.4      0.7      4.4      1    36,   36  /PD_TOP        (0.95)
i_0_0_53/A->ZN           OAI21_X4_LVT            fr    746.6      2.8      2.8      0.0      0.9      2.8     17.0      4    36,   36  /PD_TOP        (0.95)
i_0_0_52/A1->ZN          NAND2_X4_LVT            rf    748.3      1.7      1.6      0.1      3.4      0.7      4.4      1    36,   36  /PD_TOP        (0.95)
i_0_0_51/A->ZN           OAI21_X4_LVT            fr    751.1      2.8      2.8      0.0      0.9      2.7     16.7      4    36,   36  /PD_TOP        (0.95)
i_0_0_50/A1->ZN          NAND2_X4_LVT            rf    752.7      1.6      1.6      0.0      3.4      0.7      4.4      1    36,   36  /PD_TOP        (0.95)
i_0_0_49/A->ZN           OAI21_X4_LVT            fr    754.8      2.1      2.1      0.0      0.9      1.3      7.9      2    36,   36  /PD_TOP        (0.95)
i_0_0_48/A1->ZN          NAND2_X4_LVT            rf    756.3      1.5      1.5      0.0      2.3      0.7      4.4      1    36,   36  /PD_TOP        (0.95)
i_0_0_47/A->ZN           OAI21_X4_LVT            fr    758.4      2.1      2.1      0.0      0.9      1.3      7.9      2    36,   36  /PD_TOP        (0.95)
i_0_0_46/A1->ZN          NAND2_X4_LVT            rf    759.9      1.5      1.5      0.0      2.3      0.7      4.4      1    36,   36  /PD_TOP        (0.95)
i_0_0_45/A->ZN           OAI21_X4_LVT            fr    762.0      2.1      2.1      0.0      0.9      1.3      7.9      2    36,   36  /PD_TOP        (0.95)
i_0_0_44/A1->ZN          NAND2_X4_LVT            rf    763.5      1.5      1.5      0.0      2.3      0.7      4.4      1    36,   36  /PD_TOP        (0.95)
i_0_0_43/A->ZN           OAI21_X4_LVT            fr    765.6      2.1      2.1      0.0      0.9      1.4      7.7      2    36,   36  /PD_TOP        (0.95)
i_0_0_42/B1->ZN          AOI21_X4_LVT            rf    767.6      2.0      2.0      0.0      2.3      1.4      8.1      2    36,   36  /PD_TOP        (0.95)
i_0_0_41/A->ZN           OAI21_X4_LVT            fr    769.4      1.8      1.8      0.0      1.2      0.7      2.8      1    36,   36  /PD_TOP        (0.95)
i_0_0_40/A2->ZN          AND2_X4_LVT             rr    773.9      4.5      4.5      0.0      1.7      2.1     10.9      3    36,   36  /PD_TOP        (0.95)
i_0_0_39/B1->ZN          AOI21_X4_LVT            rf    776.1      2.2      2.2      0.0      1.3      2.2     12.4      3    36,   36  /PD_TOP        (0.95)
i_0_0_38/A->ZN           OAI21_X4_LVT            fr    779.5      3.4      3.4      0.0      1.5      0.6     24.4      1    36,   36  /PD_TOP        (0.95)
i_0_0_37/A->ZN           INV_X8_LVT              rf    780.4      0.9      0.9      0.0      4.4      0.6      4.3      1    36,   36  /PD_TOP        (0.95)
i_0_0_36/A->ZN           AOI21_X4_LVT            fr    784.7      4.3      4.3      0.0      0.3      1.4      7.2      2    36,   36  /PD_TOP        (0.95)
i_0_0_0/S->Z             MUX2_X2_LVT             rf    795.7     11.0     11.0      0.0      2.5      4.9     14.9      1    36,   36  /PD_TOP        (0.95)
overflowFlag                                      f    796.1      0.4               0.4      2.1                             37,   74                       
------------------------------------------------------------------------------------------------------------------------------------------------------------
Report for group R2O
